This file contains any messages produced by compilers while
running configure, to aid debugging if configure makes a mistake.

It was created by TPM Quote Tools configure 1.0.2, which was
generated by GNU Autoconf 2.69.  Invocation command line was

  $ ./configure --no-create --no-recursion

## --------- ##
## Platform. ##
## --------- ##

hostname = kgb
uname -m = x86_64
uname -r = 4.6.0-kali1-amd64
uname -s = Linux
uname -v = #1 SMP Debian 4.6.4-1kali1 (2016-07-21)

/usr/bin/uname -p = unknown
/bin/uname -X     = unknown

/bin/arch              = unknown
/usr/bin/arch -k       = unknown
/usr/convex/getsysinfo = unknown
/usr/bin/hostinfo      = unknown
/bin/machine           = unknown
/usr/bin/oslevel       = unknown
/bin/universe          = unknown

PATH: /home/johndoe/bin
PATH: /usr/local/bin
PATH: /usr/bin
PATH: /bin
PATH: /usr/local/games
PATH: /usr/games
PATH: /opt/VirtualGL/bin
PATH: /usr/local/cuda-7.5.18/bin


## ----------- ##
## Core tests. ##
## ----------- ##

configure:2141: checking for a BSD-compatible install
configure:2209: result: /usr/bin/install -c
configure:2220: checking whether build environment is sane
configure:2275: result: yes
configure:2426: checking for a thread-safe mkdir -p
configure:2465: result: /bin/mkdir -p
configure:2472: checking for gawk
configure:2488: found /usr/bin/gawk
configure:2499: result: gawk
configure:2510: checking whether make sets $(MAKE)
configure:2532: result: yes
configure:2626: checking build system type
configure:2640: result: x86_64-unknown-linux-gnu
configure:2660: checking host system type
configure:2673: result: x86_64-unknown-linux-gnu
configure:2709: checking for style of include used by make
configure:2737: result: GNU
configure:2808: checking for gcc
configure:2824: found /usr/bin/gcc
configure:2835: result: gcc
configure:3064: checking for C compiler version
configure:3073: gcc --version >&5
gcc (Debian 6.1.1-11) 6.1.1 20160802
Copyright (C) 2016 Free Software Foundation, Inc.
This is free software; see the source for copying conditions.  There is NO
warranty; not even for MERCHANTABILITY or FITNESS FOR A PARTICULAR PURPOSE.

configure:3084: $? = 0
configure:3073: gcc -v >&5
Using built-in specs.
COLLECT_GCC=gcc
COLLECT_LTO_WRAPPER=/usr/lib/gcc/x86_64-linux-gnu/6/lto-wrapper
Target: x86_64-linux-gnu
Configured with: ../src/configure -v --with-pkgversion='Debian 6.1.1-11' --with-bugurl=file:///usr/share/doc/gcc-6/README.Bugs --enable-languages=c,ada,c++,java,go,d,fortran,objc,obj-c++ --prefix=/usr --program-suffix=-6 --enable-shared --enable-linker-build-id --libexecdir=/usr/lib --without-included-gettext --enable-threads=posix --libdir=/usr/lib --enable-nls --with-sysroot=/ --enable-clocale=gnu --enable-libstdcxx-debug --enable-libstdcxx-time=yes --with-default-libstdcxx-abi=new --enable-gnu-unique-object --disable-vtable-verify --enable-libmpx --enable-plugin --with-system-zlib --disable-browser-plugin --enable-java-awt=gtk --enable-gtk-cairo --with-java-home=/usr/lib/jvm/java-1.5.0-gcj-6-amd64/jre --enable-java-home --with-jvm-root-dir=/usr/lib/jvm/java-1.5.0-gcj-6-amd64 --with-jvm-jar-dir=/usr/lib/jvm-exports/java-1.5.0-gcj-6-amd64 --with-arch-directory=amd64 --with-ecj-jar=/usr/share/java/eclipse-ecj.jar --enable-objc-gc --enable-multiarch --with-arch-32=i686 --with-abi=m64 --with-multilib-list=m32,m64,mx32 --enable-multilib --with-tune=generic --enable-checking=release --build=x86_64-linux-gnu --host=x86_64-linux-gnu --target=x86_64-linux-gnu
Thread model: posix
gcc version 6.1.1 20160802 (Debian 6.1.1-11) 
configure:3084: $? = 0
configure:3073: gcc -V >&5
gcc: error: unrecognized command line option '-V'
gcc: fatal error: no input files
compilation terminated.
configure:3084: $? = 1
configure:3073: gcc -qversion >&5
gcc: error: unrecognized command line option '-qversion'; did you mean '--version'?
gcc: fatal error: no input files
compilation terminated.
configure:3084: $? = 1
configure:3104: checking whether the C compiler works
configure:3126: gcc    conftest.c  >&5
configure:3130: $? = 0
configure:3178: result: yes
configure:3181: checking for C compiler default output file name
configure:3183: result: a.out
configure:3189: checking for suffix of executables
configure:3196: gcc -o conftest    conftest.c  >&5
configure:3200: $? = 0
configure:3222: result: 
configure:3244: checking whether we are cross compiling
configure:3252: gcc -o conftest    conftest.c  >&5
configure:3256: $? = 0
configure:3263: ./conftest
configure:3267: $? = 0
configure:3282: result: no
configure:3287: checking for suffix of object files
configure:3309: gcc -c   conftest.c >&5
configure:3313: $? = 0
configure:3334: result: o
configure:3338: checking whether we are using the GNU C compiler
configure:3357: gcc -c   conftest.c >&5
configure:3357: $? = 0
configure:3366: result: yes
configure:3375: checking whether gcc accepts -g
configure:3395: gcc -c -g  conftest.c >&5
configure:3395: $? = 0
configure:3436: result: yes
configure:3453: checking for gcc option to accept ISO C89
configure:3516: gcc  -c -g -O2  conftest.c >&5
configure:3516: $? = 0
configure:3529: result: none needed
configure:3551: checking dependency style of gcc
configure:3662: result: gcc3
configure:3677: checking for gcc option to accept ISO C99
configure:3826: gcc  -c -g -O2  conftest.c >&5
configure:3826: $? = 0
configure:3839: result: none needed
configure:3860: checking how to run the C preprocessor
configure:3891: gcc -E  conftest.c
configure:3891: $? = 0
configure:3905: gcc -E  conftest.c
conftest.c:11:28: fatal error: ac_nonexistent.h: No such file or directory
 #include <ac_nonexistent.h>
                            ^
compilation terminated.
configure:3905: $? = 1
configure: failed program was:
| /* confdefs.h */
| #define PACKAGE_NAME "TPM Quote Tools"
| #define PACKAGE_TARNAME "tpm-quote-tools"
| #define PACKAGE_VERSION "1.0.2"
| #define PACKAGE_STRING "TPM Quote Tools 1.0.2"
| #define PACKAGE_BUGREPORT ""
| #define PACKAGE_URL ""
| #define PACKAGE "tpm-quote-tools"
| #define VERSION "1.0.2"
| /* end confdefs.h.  */
| #include <ac_nonexistent.h>
configure:3930: result: gcc -E
configure:3950: gcc -E  conftest.c
configure:3950: $? = 0
configure:3964: gcc -E  conftest.c
conftest.c:11:28: fatal error: ac_nonexistent.h: No such file or directory
 #include <ac_nonexistent.h>
                            ^
compilation terminated.
configure:3964: $? = 1
configure: failed program was:
| /* confdefs.h */
| #define PACKAGE_NAME "TPM Quote Tools"
| #define PACKAGE_TARNAME "tpm-quote-tools"
| #define PACKAGE_VERSION "1.0.2"
| #define PACKAGE_STRING "TPM Quote Tools 1.0.2"
| #define PACKAGE_BUGREPORT ""
| #define PACKAGE_URL ""
| #define PACKAGE "tpm-quote-tools"
| #define VERSION "1.0.2"
| /* end confdefs.h.  */
| #include <ac_nonexistent.h>
configure:3993: checking for grep that handles long lines and -e
configure:4051: result: /bin/grep
configure:4056: checking for egrep
configure:4118: result: /bin/grep -E
configure:4123: checking for ANSI C header files
configure:4143: gcc -c -g -O2  conftest.c >&5
configure:4143: $? = 0
configure:4216: gcc -o conftest -g -O2   conftest.c  >&5
configure:4216: $? = 0
configure:4216: ./conftest
configure:4216: $? = 0
configure:4227: result: yes
configure:4278: checking for ranlib
configure:4294: found /usr/bin/ranlib
configure:4305: result: ranlib
configure:4353: checking for sys/types.h
configure:4353: gcc -c -g -O2  conftest.c >&5
configure:4353: $? = 0
configure:4353: result: yes
configure:4353: checking for sys/stat.h
configure:4353: gcc -c -g -O2  conftest.c >&5
configure:4353: $? = 0
configure:4353: result: yes
configure:4353: checking for stdlib.h
configure:4353: gcc -c -g -O2  conftest.c >&5
configure:4353: $? = 0
configure:4353: result: yes
configure:4353: checking for string.h
configure:4353: gcc -c -g -O2  conftest.c >&5
configure:4353: $? = 0
configure:4353: result: yes
configure:4353: checking for memory.h
configure:4353: gcc -c -g -O2  conftest.c >&5
configure:4353: $? = 0
configure:4353: result: yes
configure:4353: checking for strings.h
configure:4353: gcc -c -g -O2  conftest.c >&5
configure:4353: $? = 0
configure:4353: result: yes
configure:4353: checking for inttypes.h
configure:4353: gcc -c -g -O2  conftest.c >&5
configure:4353: $? = 0
configure:4353: result: yes
configure:4353: checking for stdint.h
configure:4353: gcc -c -g -O2  conftest.c >&5
configure:4353: $? = 0
configure:4353: result: yes
configure:4353: checking for unistd.h
configure:4353: gcc -c -g -O2  conftest.c >&5
configure:4353: $? = 0
configure:4353: result: yes
configure:4367: checking tss/tspi.h usability
configure:4367: gcc -c -g -O2  conftest.c >&5
configure:4367: $? = 0
configure:4367: result: yes
configure:4367: checking tss/tspi.h presence
configure:4367: gcc -E  conftest.c
configure:4367: $? = 0
configure:4367: result: yes
configure:4367: checking for tss/tspi.h
configure:4367: result: yes
configure:4384: checking for library containing Tspi_Context_Create
configure:4415: gcc -o conftest -g -O2   conftest.c  >&5
/tmp/ccq2AUwq.o: In function `main':
/home/johndoe/dev/seasky/tpm_dep/tpm-quote-tools-1.0.2/conftest.c:33: undefined reference to `Tspi_Context_Create'
collect2: error: ld returned 1 exit status
configure:4415: $? = 1
configure: failed program was:
| /* confdefs.h */
| #define PACKAGE_NAME "TPM Quote Tools"
| #define PACKAGE_TARNAME "tpm-quote-tools"
| #define PACKAGE_VERSION "1.0.2"
| #define PACKAGE_STRING "TPM Quote Tools 1.0.2"
| #define PACKAGE_BUGREPORT ""
| #define PACKAGE_URL ""
| #define PACKAGE "tpm-quote-tools"
| #define VERSION "1.0.2"
| #define STDC_HEADERS 1
| #define HAVE_SYS_TYPES_H 1
| #define HAVE_SYS_STAT_H 1
| #define HAVE_STDLIB_H 1
| #define HAVE_STRING_H 1
| #define HAVE_MEMORY_H 1
| #define HAVE_STRINGS_H 1
| #define HAVE_INTTYPES_H 1
| #define HAVE_STDINT_H 1
| #define HAVE_UNISTD_H 1
| #define HAVE_TSS_TSPI_H 1
| /* end confdefs.h.  */
| 
| /* Override any GCC internal prototype to avoid an error.
|    Use char because int might match the return type of a GCC
|    builtin and then its argument prototype would still apply.  */
| #ifdef __cplusplus
| extern "C"
| #endif
| char Tspi_Context_Create ();
| int
| main ()
| {
| return Tspi_Context_Create ();
|   ;
|   return 0;
| }
configure:4415: gcc -o conftest -g -O2   conftest.c -ltspi   >&5
configure:4415: $? = 0
configure:4432: result: -ltspi
configure:4444: checking for library containing Tspi_TPM_SetOperatorAuth
configure:4475: gcc -o conftest -g -O2   conftest.c -ltspi  >&5
configure:4475: $? = 0
configure:4492: result: none required
configure:4511: Configuring for TSS 1.2
configure:4518: checking trousers/tss.h usability
configure:4518: gcc -c -g -O2  conftest.c >&5
configure:4518: $? = 0
configure:4518: result: yes
configure:4518: checking trousers/tss.h presence
configure:4518: gcc -E  conftest.c
configure:4518: $? = 0
configure:4518: result: yes
configure:4518: checking for trousers/tss.h
configure:4518: result: yes
configure:4530: checking for trousers/trousers.h
configure:4530: gcc -c -g -O2  conftest.c >&5
configure:4530: $? = 0
configure:4530: result: yes
configure:4547: checking iconv.h usability
configure:4547: gcc -c -g -O2  conftest.c >&5
configure:4547: $? = 0
configure:4547: result: yes
configure:4547: checking iconv.h presence
configure:4547: gcc -E  conftest.c
configure:4547: $? = 0
configure:4547: result: yes
configure:4547: checking for iconv.h
configure:4547: result: yes
configure:4561: checking openssl/ui.h usability
configure:4561: gcc -c -g -O2  conftest.c >&5
configure:4561: $? = 0
configure:4561: result: yes
configure:4561: checking openssl/ui.h presence
configure:4561: gcc -E  conftest.c
configure:4561: $? = 0
configure:4561: result: yes
configure:4561: checking for openssl/ui.h
configure:4561: result: yes
configure:4571: checking for library containing UI_new
configure:4602: gcc -o conftest -g -O2   conftest.c -ltspi  >&5
/usr/bin/ld: /tmp/ccKMFsp4.o: undefined reference to symbol 'UI_new@@OPENSSL_1.0.2d'
//usr/lib/x86_64-linux-gnu/libcrypto.so.1.0.2: error adding symbols: DSO missing from command line
collect2: error: ld returned 1 exit status
configure:4602: $? = 1
configure: failed program was:
| /* confdefs.h */
| #define PACKAGE_NAME "TPM Quote Tools"
| #define PACKAGE_TARNAME "tpm-quote-tools"
| #define PACKAGE_VERSION "1.0.2"
| #define PACKAGE_STRING "TPM Quote Tools 1.0.2"
| #define PACKAGE_BUGREPORT ""
| #define PACKAGE_URL ""
| #define PACKAGE "tpm-quote-tools"
| #define VERSION "1.0.2"
| #define STDC_HEADERS 1
| #define HAVE_SYS_TYPES_H 1
| #define HAVE_SYS_STAT_H 1
| #define HAVE_STDLIB_H 1
| #define HAVE_STRING_H 1
| #define HAVE_MEMORY_H 1
| #define HAVE_STRINGS_H 1
| #define HAVE_INTTYPES_H 1
| #define HAVE_STDINT_H 1
| #define HAVE_UNISTD_H 1
| #define HAVE_TSS_TSPI_H 1
| #define HAVE_TSS_12_LIB 1
| #define HAVE_TROUSERS_TSS_H 1
| #define HAVE_TROUSERS_TROUSERS_H 1
| #define HAVE_ICONV_H 1
| #define HAVE_OPENSSL_UI_H 1
| /* end confdefs.h.  */
| 
| /* Override any GCC internal prototype to avoid an error.
|    Use char because int might match the return type of a GCC
|    builtin and then its argument prototype would still apply.  */
| #ifdef __cplusplus
| extern "C"
| #endif
| char UI_new ();
| int
| main ()
| {
| return UI_new ();
|   ;
|   return 0;
| }
configure:4602: gcc -o conftest -g -O2   conftest.c -lcrypto  -ltspi  >&5
configure:4602: $? = 0
configure:4619: result: -lcrypto
configure:4629: OpenSSL UI available
configure:4753: checking that generated files are newer than configure
configure:4759: result: done
configure:4782: creating ./config.status

## ---------------- ##
## Cache variables. ##
## ---------------- ##

ac_cv_build=x86_64-unknown-linux-gnu
ac_cv_c_compiler_gnu=yes
ac_cv_env_CC_set=
ac_cv_env_CC_value=
ac_cv_env_CFLAGS_set=
ac_cv_env_CFLAGS_value=
ac_cv_env_CPPFLAGS_set=
ac_cv_env_CPPFLAGS_value=
ac_cv_env_CPP_set=
ac_cv_env_CPP_value=
ac_cv_env_LDFLAGS_set=
ac_cv_env_LDFLAGS_value=
ac_cv_env_LIBS_set=
ac_cv_env_LIBS_value=
ac_cv_env_build_alias_set=
ac_cv_env_build_alias_value=
ac_cv_env_host_alias_set=
ac_cv_env_host_alias_value=
ac_cv_env_target_alias_set=
ac_cv_env_target_alias_value=
ac_cv_header_iconv_h=yes
ac_cv_header_inttypes_h=yes
ac_cv_header_memory_h=yes
ac_cv_header_openssl_ui_h=yes
ac_cv_header_stdc=yes
ac_cv_header_stdint_h=yes
ac_cv_header_stdlib_h=yes
ac_cv_header_string_h=yes
ac_cv_header_strings_h=yes
ac_cv_header_sys_stat_h=yes
ac_cv_header_sys_types_h=yes
ac_cv_header_trousers_trousers_h=yes
ac_cv_header_trousers_tss_h=yes
ac_cv_header_tss_tspi_h=yes
ac_cv_header_unistd_h=yes
ac_cv_host=x86_64-unknown-linux-gnu
ac_cv_objext=o
ac_cv_path_EGREP='/bin/grep -E'
ac_cv_path_GREP=/bin/grep
ac_cv_path_install='/usr/bin/install -c'
ac_cv_path_mkdir=/bin/mkdir
ac_cv_prog_AWK=gawk
ac_cv_prog_CPP='gcc -E'
ac_cv_prog_ac_ct_CC=gcc
ac_cv_prog_ac_ct_RANLIB=ranlib
ac_cv_prog_cc_c89=
ac_cv_prog_cc_c99=
ac_cv_prog_cc_g=yes
ac_cv_prog_make_make_set=yes
ac_cv_search_Tspi_Context_Create=-ltspi
ac_cv_search_Tspi_TPM_SetOperatorAuth='none required'
ac_cv_search_UI_new=-lcrypto
am_cv_CC_dependencies_compiler_type=gcc3

## ----------------- ##
## Output variables. ##
## ----------------- ##

ACLOCAL='${SHELL} /home/johndoe/dev/seasky/tpm_dep/tpm-quote-tools-1.0.2/missing --run aclocal-1.12'
AMDEPBACKSLASH='\'
AMDEP_FALSE='#'
AMDEP_TRUE=''
AMTAR='$${TAR-tar}'
AUTOCONF='${SHELL} /home/johndoe/dev/seasky/tpm_dep/tpm-quote-tools-1.0.2/missing --run autoconf'
AUTOHEADER='${SHELL} /home/johndoe/dev/seasky/tpm_dep/tpm-quote-tools-1.0.2/missing --run autoheader'
AUTOMAKE='${SHELL} /home/johndoe/dev/seasky/tpm_dep/tpm-quote-tools-1.0.2/missing --run automake-1.12'
AWK='gawk'
CC='gcc'
CCDEPMODE='depmode=gcc3'
CFLAGS='-g -O2 -Wall'
CPP='gcc -E'
CPPFLAGS=''
CYGPATH_W='echo'
DEFS='-DHAVE_CONFIG_H'
DEPDIR='.deps'
ECHO_C=''
ECHO_N='-n'
ECHO_T=''
EGREP='/bin/grep -E'
EXEEXT=''
GREP='/bin/grep'
INSTALL_DATA='${INSTALL} -m 644'
INSTALL_PROGRAM='${INSTALL}'
INSTALL_SCRIPT='${INSTALL}'
INSTALL_STRIP_PROGRAM='$(install_sh) -c -s'
LDFLAGS=''
LIBOBJS=''
LIBS='-lcrypto -ltspi '
LTLIBOBJS=''
MAKEINFO='${SHELL} /home/johndoe/dev/seasky/tpm_dep/tpm-quote-tools-1.0.2/missing --run makeinfo'
MKDIR_P='/bin/mkdir -p'
OBJEXT='o'
PACKAGE='tpm-quote-tools'
PACKAGE_BUGREPORT=''
PACKAGE_NAME='TPM Quote Tools'
PACKAGE_STRING='TPM Quote Tools 1.0.2'
PACKAGE_TARNAME='tpm-quote-tools'
PACKAGE_URL=''
PACKAGE_VERSION='1.0.2'
PATH_SEPARATOR=':'
RANLIB='ranlib'
SET_MAKE=''
SHELL='/bin/bash'
STRIP=''
VERSION='1.0.2'
ac_ct_CC='gcc'
am__EXEEXT_FALSE=''
am__EXEEXT_TRUE='#'
am__fastdepCC_FALSE='#'
am__fastdepCC_TRUE=''
am__include='include'
am__isrc=''
am__leading_dot='.'
am__nodep='_no'
am__quote=''
am__tar='$${TAR-tar} chof - "$$tardir"'
am__untar='$${TAR-tar} xf -'
bindir='${exec_prefix}/bin'
build='x86_64-unknown-linux-gnu'
build_alias=''
build_cpu='x86_64'
build_os='linux-gnu'
build_vendor='unknown'
datadir='${datarootdir}'
datarootdir='${prefix}/share'
docdir='${datarootdir}/doc/${PACKAGE_TARNAME}'
dvidir='${docdir}'
exec_prefix='${prefix}'
host='x86_64-unknown-linux-gnu'
host_alias=''
host_cpu='x86_64'
host_os='linux-gnu'
host_vendor='unknown'
htmldir='${docdir}'
includedir='${prefix}/include'
infodir='${datarootdir}/info'
install_sh='${SHELL} /home/johndoe/dev/seasky/tpm_dep/tpm-quote-tools-1.0.2/install-sh'
libdir='${exec_prefix}/lib'
libexecdir='${exec_prefix}/libexec'
localedir='${datarootdir}/locale'
localstatedir='${prefix}/var'
mandir='${datarootdir}/man'
mkdir_p='$(MKDIR_P)'
oldincludedir='/usr/include'
pdfdir='${docdir}'
prefix='/usr/local'
program_transform_name='s,x,x,'
psdir='${docdir}'
runstatedir='${localstatedir}/run'
sbindir='${exec_prefix}/sbin'
sharedstatedir='${prefix}/com'
sysconfdir='${prefix}/etc'
target_alias=''

## ----------- ##
## confdefs.h. ##
## ----------- ##

/* confdefs.h */
#define PACKAGE_NAME "TPM Quote Tools"
#define PACKAGE_TARNAME "tpm-quote-tools"
#define PACKAGE_VERSION "1.0.2"
#define PACKAGE_STRING "TPM Quote Tools 1.0.2"
#define PACKAGE_BUGREPORT ""
#define PACKAGE_URL ""
#define PACKAGE "tpm-quote-tools"
#define VERSION "1.0.2"
#define STDC_HEADERS 1
#define HAVE_SYS_TYPES_H 1
#define HAVE_SYS_STAT_H 1
#define HAVE_STDLIB_H 1
#define HAVE_STRING_H 1
#define HAVE_MEMORY_H 1
#define HAVE_STRINGS_H 1
#define HAVE_INTTYPES_H 1
#define HAVE_STDINT_H 1
#define HAVE_UNISTD_H 1
#define HAVE_TSS_TSPI_H 1
#define HAVE_TSS_12_LIB 1
#define HAVE_TROUSERS_TSS_H 1
#define HAVE_TROUSERS_TROUSERS_H 1
#define HAVE_ICONV_H 1
#define HAVE_OPENSSL_UI_H 1
#define HAVE_OPENSSL_UI_LIB 1

configure: exit 0

## ---------------------- ##
## Running config.status. ##
## ---------------------- ##

This file was extended by TPM Quote Tools config.status 1.0.2, which was
generated by GNU Autoconf 2.69.  Invocation command line was

  CONFIG_FILES    = 
  CONFIG_HEADERS  = 
  CONFIG_LINKS    = 
  CONFIG_COMMANDS = 
  $ ./config.status 

on kgb

config.status:866: creating Makefile
config.status:866: creating tpm-quote-tools.spec
config.status:866: creating config.h
config.status:1047: config.h is unchanged
config.status:1095: executing depfiles commands
